<?xml version="1.0" encoding="UTF-8"?>
<testsuite xmlns:xsi="http://www.w3.org/2001/XMLSchema-instance" xsi:noNamespaceSchemaLocation="https://maven.apache.org/surefire/maven-surefire-plugin/xsd/surefire-test-report.xsd" name="com.mycompany.app.AppTest" time="0.05" tests="1" errors="0" skipped="0" failures="0">
  <properties>
    <property name="sun.desktop" value="windows"/>
    <property name="awt.toolkit" value="sun.awt.windows.WToolkit"/>
    <property name="file.encoding.pkg" value="sun.io"/>
    <property name="java.specification.version" value="1.8"/>
    <property name="sun.cpu.isalist" value="amd64"/>
    <property name="sun.jnu.encoding" value="Cp1254"/>
    <property name="java.class.path" value="C:\Users\alisa\OneDrive\Masaüstü\VoltDBSystem\target\test-classes;C:\Users\alisa\OneDrive\Masaüstü\VoltDBSystem\target\classes;C:\Users\alisa\.m2\repository\junit\junit\4.11\junit-4.11.jar;C:\Users\alisa\.m2\repository\org\hamcrest\hamcrest-core\1.3\hamcrest-core-1.3.jar;C:\Users\alisa\.m2\repository\org\voltdb\voltdbclient\6.6\voltdbclient-6.6.jar;C:\Users\alisa\.m2\repository\org\voltdb\voltdb\8.4.2\voltdb-8.4.2.jar;C:\Users\alisa\.m2\repository\io\netty\netty-all\4.1.32.Final\netty-all-4.1.32.Final.jar;C:\Users\alisa\.m2\repository\io\netty\netty-tcnative-boringssl-static\2.0.20.Final\netty-tcnative-boringssl-static-2.0.20.Final.jar;"/>
    <property name="java.vm.vendor" value="Amazon.com Inc."/>
    <property name="sun.arch.data.model" value="64"/>
    <property name="user.variant" value=""/>
    <property name="java.vendor.url" value="https://aws.amazon.com/corretto/"/>
    <property name="user.timezone" value="Asia/Istanbul"/>
    <property name="user.country.format" value="CA"/>
    <property name="java.vm.specification.version" value="1.8"/>
    <property name="os.name" value="Windows 10"/>
    <property name="user.country" value="TR"/>
    <property name="sun.java.launcher" value="SUN_STANDARD"/>
    <property name="sun.boot.library.path" value="C:\Users\alisa\.jdks\corretto-1.8.0_322\jre\bin"/>
    <property name="sun.java.command" value="C:\Users\alisa\AppData\Local\Temp\surefire7730245230699693661\surefirebooter6907767173339054905.jar C:\Users\alisa\AppData\Local\Temp\surefire7730245230699693661 2022-08-19T09-41-07_108-jvmRun1 surefire1285238137876790015tmp surefire_08699142538918754227tmp"/>
    <property name="surefire.test.class.path" value="C:\Users\alisa\OneDrive\Masaüstü\VoltDBSystem\target\test-classes;C:\Users\alisa\OneDrive\Masaüstü\VoltDBSystem\target\classes;C:\Users\alisa\.m2\repository\junit\junit\4.11\junit-4.11.jar;C:\Users\alisa\.m2\repository\org\hamcrest\hamcrest-core\1.3\hamcrest-core-1.3.jar;C:\Users\alisa\.m2\repository\org\voltdb\voltdbclient\6.6\voltdbclient-6.6.jar;C:\Users\alisa\.m2\repository\org\voltdb\voltdb\8.4.2\voltdb-8.4.2.jar;C:\Users\alisa\.m2\repository\io\netty\netty-all\4.1.32.Final\netty-all-4.1.32.Final.jar;C:\Users\alisa\.m2\repository\io\netty\netty-tcnative-boringssl-static\2.0.20.Final\netty-tcnative-boringssl-static-2.0.20.Final.jar;"/>
    <property name="sun.cpu.endian" value="little"/>
    <property name="user.home" value="C:\Users\alisa"/>
    <property name="user.language" value="tr"/>
    <property name="java.specification.vendor" value="Oracle Corporation"/>
    <property name="java.home" value="C:\Users\alisa\.jdks\corretto-1.8.0_322\jre"/>
    <property name="basedir" value="C:\Users\alisa\OneDrive\Masaüstü\VoltDBSystem"/>
    <property name="file.separator" value="\"/>
    <property name="line.separator" value="&#10;"/>
    <property name="java.vm.specification.vendor" value="Oracle Corporation"/>
    <property name="java.specification.name" value="Java Platform API Specification"/>
    <property name="java.awt.graphicsenv" value="sun.awt.Win32GraphicsEnvironment"/>
    <property name="surefire.real.class.path" value="C:\Users\alisa\AppData\Local\Temp\surefire7730245230699693661\surefirebooter6907767173339054905.jar"/>
    <property name="sun.boot.class.path" value="C:\Users\alisa\.jdks\corretto-1.8.0_322\jre\lib\resources.jar;C:\Users\alisa\.jdks\corretto-1.8.0_322\jre\lib\rt.jar;C:\Users\alisa\.jdks\corretto-1.8.0_322\jre\lib\sunrsasign.jar;C:\Users\alisa\.jdks\corretto-1.8.0_322\jre\lib\jsse.jar;C:\Users\alisa\.jdks\corretto-1.8.0_322\jre\lib\jce.jar;C:\Users\alisa\.jdks\corretto-1.8.0_322\jre\lib\charsets.jar;C:\Users\alisa\.jdks\corretto-1.8.0_322\jre\lib\jfr.jar;C:\Users\alisa\.jdks\corretto-1.8.0_322\jre\classes"/>
    <property name="user.script" value=""/>
    <property name="sun.management.compiler" value="HotSpot 64-Bit Tiered Compilers"/>
    <property name="java.runtime.version" value="1.8.0_322-b06"/>
    <property name="user.name" value="alisa"/>
    <property name="path.separator" value=";"/>
    <property name="os.version" value="10.0"/>
    <property name="java.endorsed.dirs" value="C:\Users\alisa\.jdks\corretto-1.8.0_322\jre\lib\endorsed"/>
    <property name="java.runtime.name" value="OpenJDK Runtime Environment"/>
    <property name="file.encoding" value="Cp1254"/>
    <property name="java.vm.name" value="OpenJDK 64-Bit Server VM"/>
    <property name="localRepository" value="C:\Users\alisa\.m2\repository"/>
    <property name="java.vendor.url.bug" value="https://github.com/corretto/corretto-8/issues/"/>
    <property name="java.io.tmpdir" value="C:\Users\alisa\AppData\Local\Temp\"/>
    <property name="idea.version" value="2021.3.2"/>
    <property name="java.version" value="1.8.0_322"/>
    <property name="user.dir" value="C:\Users\alisa\OneDrive\Masaüstü\VoltDBSystem"/>
    <property name="os.arch" value="amd64"/>
    <property name="java.vm.specification.name" value="Java Virtual Machine Specification"/>
    <property name="java.awt.printerjob" value="sun.awt.windows.WPrinterJob"/>
    <property name="user.language.format" value="en"/>
    <property name="sun.os.patch.level" value=""/>
    <property name="java.library.path" value="C:\Users\alisa\.jdks\corretto-1.8.0_322\jre\bin;C:\WINDOWS\Sun\Java\bin;C:\WINDOWS\system32;C:\WINDOWS;C:\Windows\system32;C:\Windows;C:\Windows\System32\Wbem;C:\Windows\System32\WindowsPowerShell\v1.0\;C:\Program Files\Java\jdk-17.0.2\bin;C:\Program Files\Java\jdk-17.0.2;C:\Users\alisa\AppData\Local\Programs\Python\Python310\;C:\Users\alisa\AppData\Local\Programs\Python\Python310\Scripts\;C:\Program Files\MySQL\MySQL Server 8.0\bin;C:\Program Files\nodejs\;C:\Windows\System32;C:\Program Files\Docker\Docker\resources\bin;C:\ProgramData\DockerDesktop\version-bin;C:\Program Files\Git\cmd;C:\Program Files\PuTTY\;C:\Program Files\dotnet\;C:\Users\alisa\scoop\shims;C:\Windows\system32;C:\Windows;C:\Windows\System32\Wbem;C:\Windows\System32;WindowsPowerShell\v1.0\;C:\Users\alisa\AppData\Local\Programs\Python\Python310\;C:\Program Files\MySQL\MySQL Server 8.0\bin;C:\Users\alisa\AppData\Local\Programs\Python\Python310\Scripts\;C:\Program Files\Java\jdk-17.0.2\bin;C:\Program Files\Java\jdk-17.0.2;C:\Program Files\nodejs\;;."/>
    <property name="java.vm.info" value="mixed mode"/>
    <property name="java.vendor" value="Amazon.com Inc."/>
    <property name="java.vm.version" value="25.322-b06"/>
    <property name="java.ext.dirs" value="C:\Users\alisa\.jdks\corretto-1.8.0_322\jre\lib\ext;C:\WINDOWS\Sun\Java\lib\ext"/>
    <property name="sun.io.unicode.encoding" value="UnicodeLittle"/>
    <property name="java.class.version" value="52.0"/>
  </properties>
  <testcase name="shouldAnswerWithTrue" classname="com.mycompany.app.AppTest" time="0"/>
</testsuite>